[0.009s] Invoking command in '/home/matpom/repo/alf-light-tracking/alf-light-tracking/ros2_ws/src/g1_light_tracking/build/g1_light_tracking': DEBUGINFOD_URLS=ima:enforcing https://debuginfod.fedoraproject.org/ ima:ignore _=/usr/bin/env /usr/bin/cmake /home/matpom/repo/alf-light-tracking/alf-light-tracking/ros2_ws/src/g1_light_tracking -DCMAKE_INSTALL_PREFIX=/home/matpom/repo/alf-light-tracking/alf-light-tracking/ros2_ws/src/g1_light_tracking/install/g1_light_tracking
[0.015s] [0mCMake Deprecation Warning at CMakeLists.txt:1 (cmake_minimum_required):
[0.015s]   Compatibility with CMake < 3.10 will be removed from a future version of
[0.015s]   CMake.
[0.015s] 
[0.015s]   Update the VERSION argument <min> value.  Or, use the <min>...<max> syntax
[0.015s]   to tell CMake that the project requires at least <min> but has been updated
[0.015s]   to work with policies introduced by <max> or earlier.
[0.015s] 
[0.016s] [0m
[0.058s] -- The C compiler identification is GNU 15.2.1
[0.149s] -- The CXX compiler identification is GNU 15.2.1
[0.157s] -- Detecting C compiler ABI info
[0.233s] -- Detecting C compiler ABI info - done
[0.246s] -- Check for working C compiler: /usr/bin/cc - skipped
[0.246s] -- Detecting C compile features
[0.246s] -- Detecting C compile features - done
[0.259s] -- Detecting CXX compiler ABI info
[0.369s] -- Detecting CXX compiler ABI info - done
[0.381s] -- Check for working CXX compiler: /usr/bin/c++ - skipped
[0.381s] -- Detecting CXX compile features
[0.382s] -- Detecting CXX compile features - done
[0.398s] [31mCMake Error at CMakeLists.txt:8 (find_package):
[0.398s]   By not providing "Findament_cmake.cmake" in CMAKE_MODULE_PATH this project
[0.398s]   has asked CMake to find a package configuration file provided by
[0.399s]   "ament_cmake", but CMake did not find one.
[0.399s] 
[0.399s]   Could not find a package configuration file provided by "ament_cmake" with
[0.399s]   any of the following names:
[0.399s] 
[0.399s]     ament_cmakeConfig.cmake
[0.399s]     ament_cmake-config.cmake
[0.399s] 
[0.399s]   Add the installation prefix of "ament_cmake" to CMAKE_PREFIX_PATH or set
[0.399s]   "ament_cmake_DIR" to a directory containing one of the above files.  If
[0.399s]   "ament_cmake" provides a separate development package or SDK, be sure it
[0.399s]   has been installed.
[0.399s] 
[0.399s] [0m
[0.399s] -- Configuring incomplete, errors occurred!
[0.402s] Invoked command in '/home/matpom/repo/alf-light-tracking/alf-light-tracking/ros2_ws/src/g1_light_tracking/build/g1_light_tracking' returned '1': DEBUGINFOD_URLS=ima:enforcing https://debuginfod.fedoraproject.org/ ima:ignore _=/usr/bin/env /usr/bin/cmake /home/matpom/repo/alf-light-tracking/alf-light-tracking/ros2_ws/src/g1_light_tracking -DCMAKE_INSTALL_PREFIX=/home/matpom/repo/alf-light-tracking/alf-light-tracking/ros2_ws/src/g1_light_tracking/install/g1_light_tracking
