[-1776161048531222528.000s] [34mcolcon[0m [1;30mDEBUG[0m [32mCommand line arguments: ['/usr/bin/colcon', 'build', '--packages-select', 'g1_light_tracking'][0m
[-1776161048531222528.000s] [34mcolcon[0m [1;30mDEBUG[0m [32mParsed command line arguments: Namespace(log_base=None, log_level=None, verb_name='build', build_base='build', install_base='install', merge_install=False, symlink_install=False, test_result_base=None, continue_on_error=False, executor='parallel', parallel_workers=12, event_handlers=None, ignore_user_meta=False, metas=['./colcon.meta'], base_paths=['.'], packages_ignore=None, packages_ignore_regex=None, paths=None, packages_up_to=None, packages_up_to_regex=None, packages_above=None, packages_above_and_dependencies=None, packages_above_depth=None, packages_select_by_dep=None, packages_skip_by_dep=None, packages_skip_up_to=None, packages_select_build_failed=False, packages_skip_build_finished=False, packages_select_test_failures=False, packages_skip_test_passed=False, packages_select=['g1_light_tracking'], packages_skip=None, packages_select_regex=None, packages_skip_regex=None, packages_start=None, packages_end=None, allow_overriding=[], cmake_args=None, cmake_target=None, cmake_target_skip_unavailable=False, cmake_clean_cache=False, cmake_clean_first=False, cmake_force_configure=False, ament_cmake_args=None, catkin_cmake_args=None, catkin_skip_building_tests=False, verb_parser=<colcon_defaults.argument_parser.defaults.DefaultArgumentsDecorator object at 0x7fa715999950>, verb_extension=<colcon_core.verb.build.BuildVerb object at 0x7fa7159e1160>, main=<bound method BuildVerb.main of <colcon_core.verb.build.BuildVerb object at 0x7fa7159e1160>>)[0m
[-1776161048531222528.000s] [34mcolcon.colcon_core.package_discovery[0m [1;30mLevel 1[0m discover_packages(colcon_meta) check parameters
[-1776161048531222528.000s] [34mcolcon.colcon_core.package_discovery[0m [1;30mLevel 1[0m discover_packages(recursive) check parameters
[-1776161048531222528.000s] [34mcolcon.colcon_core.package_discovery[0m [1;30mLevel 1[0m discover_packages(ignore) check parameters
[-1776161048531222528.000s] [34mcolcon.colcon_core.package_discovery[0m [1;30mLevel 1[0m discover_packages(path) check parameters
[-1776161048531222528.000s] [34mcolcon.colcon_core.package_discovery[0m [1;30mLevel 1[0m discover_packages(colcon_meta) discover
[-1776161048531222528.000s] [34mcolcon.colcon_core.package_discovery[0m [1;30mLevel 1[0m discover_packages(recursive) discover
[-1776161048531222528.000s] [34mcolcon.colcon_core.package_discovery[0m [1;30mINFO[0m Crawling recursively for packages in '/home/matpom/repo/j2s/ros2/g1-ros2-light-tracking/src/alf_light_tracking'
[-1776161048531222528.000s] [34mcolcon.colcon_core.package_identification[0m [1;30mLevel 1[0m _identify(.) by extensions ['ignore', 'ignore_ament_install']
[-1776161048531222528.000s] [34mcolcon.colcon_core.package_identification[0m [1;30mLevel 1[0m _identify(.) by extension 'ignore'
[-1776161048531222528.000s] [34mcolcon.colcon_core.package_identification[0m [1;30mLevel 1[0m _identify(.) by extension 'ignore_ament_install'
[-1776161048531222528.000s] [34mcolcon.colcon_core.package_identification[0m [1;30mLevel 1[0m _identify(.) by extensions ['colcon_pkg']
[-1776161048531222528.000s] [34mcolcon.colcon_core.package_identification[0m [1;30mLevel 1[0m _identify(.) by extension 'colcon_pkg'
[-1776161048531222528.000s] [34mcolcon.colcon_core.package_identification[0m [1;30mLevel 1[0m _identify(.) by extensions ['colcon_meta']
[-1776161048531222528.000s] [34mcolcon.colcon_core.package_identification[0m [1;30mLevel 1[0m _identify(.) by extension 'colcon_meta'
[-1776161048531222528.000s] [34mcolcon.colcon_core.package_identification[0m [1;30mLevel 1[0m _identify(.) by extensions ['ros']
[-1776161048531222528.000s] [34mcolcon.colcon_core.package_identification[0m [1;30mLevel 1[0m _identify(.) by extension 'ros'
[-1776161048531222528.000s] [34mcolcon.colcon_core.package_identification[0m [1;30mDEBUG[0m [32mPackage '.' with type 'ros.ament_cmake' and name 'g1_light_tracking'[0m
[-1776161048531222528.000s] [34mcolcon.colcon_core.package_discovery[0m [1;30mLevel 1[0m discover_packages(recursive) using defaults
[-1776161048531222528.000s] [34mcolcon.colcon_core.package_discovery[0m [1;30mLevel 1[0m discover_packages(ignore) discover
[-1776161048531222528.000s] [34mcolcon.colcon_core.package_discovery[0m [1;30mLevel 1[0m discover_packages(ignore) using defaults
[-1776161048531222528.000s] [34mcolcon.colcon_core.package_discovery[0m [1;30mLevel 1[0m discover_packages(path) discover
[-1776161048531222528.000s] [34mcolcon.colcon_core.package_discovery[0m [1;30mLevel 1[0m discover_packages(path) using defaults
[-1776161048531222528.000s] [34mcolcon.colcon_core.package_discovery[0m [1;30mLevel 1[0m discover_packages(prefix_path) check parameters
[-1776161048531222528.000s] [34mcolcon.colcon_core.package_discovery[0m [1;30mLevel 1[0m discover_packages(prefix_path) discover
[-1776161048531222528.000s] [34mcolcon.colcon_core.package_discovery[0m [1;30mLevel 1[0m discover_packages(prefix_path) using defaults
[-1776161048531222528.000s] [34mcolcon.colcon_core.verb[0m [1;30mLevel 5[0m set package 'g1_light_tracking' build argument 'cmake_args' from command line to 'None'
[-1776161048531222528.000s] [34mcolcon.colcon_core.verb[0m [1;30mLevel 5[0m set package 'g1_light_tracking' build argument 'cmake_target' from command line to 'None'
[-1776161048531222528.000s] [34mcolcon.colcon_core.verb[0m [1;30mLevel 5[0m set package 'g1_light_tracking' build argument 'cmake_target_skip_unavailable' from command line to 'False'
[-1776161048531222528.000s] [34mcolcon.colcon_core.verb[0m [1;30mLevel 5[0m set package 'g1_light_tracking' build argument 'cmake_clean_cache' from command line to 'False'
[-1776161048531222528.000s] [34mcolcon.colcon_core.verb[0m [1;30mLevel 5[0m set package 'g1_light_tracking' build argument 'cmake_clean_first' from command line to 'False'
[-1776161048531222528.000s] [34mcolcon.colcon_core.verb[0m [1;30mLevel 5[0m set package 'g1_light_tracking' build argument 'cmake_force_configure' from command line to 'False'
[-1776161048531222528.000s] [34mcolcon.colcon_core.verb[0m [1;30mLevel 5[0m set package 'g1_light_tracking' build argument 'ament_cmake_args' from command line to 'None'
[-1776161048531222528.000s] [34mcolcon.colcon_core.verb[0m [1;30mLevel 5[0m set package 'g1_light_tracking' build argument 'catkin_cmake_args' from command line to 'None'
[-1776161048531222528.000s] [34mcolcon.colcon_core.verb[0m [1;30mLevel 5[0m set package 'g1_light_tracking' build argument 'catkin_skip_building_tests' from command line to 'False'
[-1776161048531222528.000s] [34mcolcon.colcon_core.verb[0m [1;30mDEBUG[0m [32mBuilding package 'g1_light_tracking' with the following arguments: {'ament_cmake_args': None, 'build_base': '/home/matpom/repo/j2s/ros2/g1-ros2-light-tracking/src/alf_light_tracking/build/g1_light_tracking', 'catkin_cmake_args': None, 'catkin_skip_building_tests': False, 'cmake_args': None, 'cmake_clean_cache': False, 'cmake_clean_first': False, 'cmake_force_configure': False, 'cmake_target': None, 'cmake_target_skip_unavailable': False, 'install_base': '/home/matpom/repo/j2s/ros2/g1-ros2-light-tracking/src/alf_light_tracking/install/g1_light_tracking', 'merge_install': False, 'path': '/home/matpom/repo/j2s/ros2/g1-ros2-light-tracking/src/alf_light_tracking', 'symlink_install': False, 'test_result_base': None}[0m
[-1776161048531222528.000s] [34mcolcon.colcon_core.executor[0m [1;30mINFO[0m Executing jobs using 'parallel' executor
[-1776161048531222528.000s] [34mcolcon.colcon_parallel_executor.executor.parallel[0m [1;30mDEBUG[0m [32mrun_until_complete[0m
[-1776161048531222528.000s] [34mcolcon.colcon_ros.task.ament_cmake.build[0m [1;30mINFO[0m Building ROS package in '/home/matpom/repo/j2s/ros2/g1-ros2-light-tracking/src/alf_light_tracking' with build type 'ament_cmake'
[-1776161048531222528.000s] [34mcolcon.colcon_cmake.task.cmake.build[0m [1;30mINFO[0m Building CMake package in '/home/matpom/repo/j2s/ros2/g1-ros2-light-tracking/src/alf_light_tracking'
[-1776161048531222528.000s] [34mcolcon.colcon_core.plugin_system[0m [1;30mINFO[0m Skipping extension 'colcon_core.shell.bat': Not used on non-Windows systems
[-1776161048531222528.000s] [34mcolcon.colcon_core.shell[0m [1;30mINFO[0m Skip shell extension 'powershell' for command environment: Not usable outside of PowerShell
[-1776161048531222528.000s] [34mcolcon.colcon_core.shell[0m [1;30mDEBUG[0m [32mSkip shell extension 'dsv' for command environment[0m
[-1776161048531222528.000s] [34mcolcon.colcon_core.event_handler.log_command[0m [1;30mDEBUG[0m [32mInvoking command in '/home/matpom/repo/j2s/ros2/g1-ros2-light-tracking/src/alf_light_tracking/build/g1_light_tracking': DEBUGINFOD_URLS=ima:enforcing https://debuginfod.fedoraproject.org/ ima:ignore _=/usr/bin/env /usr/bin/cmake /home/matpom/repo/j2s/ros2/g1-ros2-light-tracking/src/alf_light_tracking -DCMAKE_INSTALL_PREFIX=/home/matpom/repo/j2s/ros2/g1-ros2-light-tracking/src/alf_light_tracking/install/g1_light_tracking[0m
[-1776161048531222528.000s] [34mcolcon.colcon_core.event_handler.log_command[0m [1;30mDEBUG[0m [32mInvoked command in '/home/matpom/repo/j2s/ros2/g1-ros2-light-tracking/src/alf_light_tracking/build/g1_light_tracking' returned '1': DEBUGINFOD_URLS=ima:enforcing https://debuginfod.fedoraproject.org/ ima:ignore _=/usr/bin/env /usr/bin/cmake /home/matpom/repo/j2s/ros2/g1-ros2-light-tracking/src/alf_light_tracking -DCMAKE_INSTALL_PREFIX=/home/matpom/repo/j2s/ros2/g1-ros2-light-tracking/src/alf_light_tracking/install/g1_light_tracking[0m
[-1776161048531222528.000s] [34mcolcon.colcon_core.environment[0m [1;30mLevel 1[0m create_environment_scripts_only(g1_light_tracking)
[-1776161048531222528.000s] [34mcolcon.colcon_core.environment[0m [1;30mLevel 1[0m checking '/home/matpom/repo/j2s/ros2/g1-ros2-light-tracking/src/alf_light_tracking/install/g1_light_tracking' for CMake module files
[-1776161048531222528.000s] [34mcolcon.colcon_core.environment[0m [1;30mLevel 1[0m checking '/home/matpom/repo/j2s/ros2/g1-ros2-light-tracking/src/alf_light_tracking/install/g1_light_tracking' for CMake config files
[-1776161048531222528.000s] [34mcolcon.colcon_core.environment[0m [1;30mLevel 1[0m checking '/home/matpom/repo/j2s/ros2/g1-ros2-light-tracking/src/alf_light_tracking/install/g1_light_tracking/bin'
[-1776161048531222528.000s] [34mcolcon.colcon_core.environment[0m [1;30mLevel 1[0m checking '/home/matpom/repo/j2s/ros2/g1-ros2-light-tracking/src/alf_light_tracking/install/g1_light_tracking/lib/pkgconfig/g1_light_tracking.pc'
[-1776161048531222528.000s] [34mcolcon.colcon_core.environment[0m [1;30mLevel 1[0m checking '/home/matpom/repo/j2s/ros2/g1-ros2-light-tracking/src/alf_light_tracking/install/g1_light_tracking/lib/python3.14/site-packages'
[-1776161048531222528.000s] [34mcolcon.colcon_core.environment[0m [1;30mLevel 1[0m checking '/home/matpom/repo/j2s/ros2/g1-ros2-light-tracking/src/alf_light_tracking/install/g1_light_tracking/lib64/python3.14/site-packages'
[-1776161048531222528.000s] [34mcolcon.colcon_core.environment[0m [1;30mLevel 1[0m checking '/home/matpom/repo/j2s/ros2/g1-ros2-light-tracking/src/alf_light_tracking/install/g1_light_tracking/bin'
[-1776161048531222528.000s] [34mcolcon.colcon_core.shell[0m [1;30mINFO[0m Creating package script '/home/matpom/repo/j2s/ros2/g1-ros2-light-tracking/src/alf_light_tracking/install/g1_light_tracking/share/g1_light_tracking/package.ps1'
[-1776161048531222528.000s] [34mcolcon.colcon_core.shell[0m [1;30mINFO[0m Creating package descriptor '/home/matpom/repo/j2s/ros2/g1-ros2-light-tracking/src/alf_light_tracking/install/g1_light_tracking/share/g1_light_tracking/package.dsv'
[-1776161048531222528.000s] [34mcolcon.colcon_core.shell[0m [1;30mINFO[0m Creating package script '/home/matpom/repo/j2s/ros2/g1-ros2-light-tracking/src/alf_light_tracking/install/g1_light_tracking/share/g1_light_tracking/package.sh'
[-1776161048531222528.000s] [34mcolcon.colcon_core.shell[0m [1;30mINFO[0m Creating package script '/home/matpom/repo/j2s/ros2/g1-ros2-light-tracking/src/alf_light_tracking/install/g1_light_tracking/share/g1_light_tracking/package.bash'
[-1776161048531222528.000s] [34mcolcon.colcon_core.shell[0m [1;30mINFO[0m Creating package script '/home/matpom/repo/j2s/ros2/g1-ros2-light-tracking/src/alf_light_tracking/install/g1_light_tracking/share/g1_light_tracking/package.zsh'
[-1776161048531222528.000s] [34mcolcon.colcon_core.environment[0m [1;30mLevel 1[0m create_file_with_runtime_dependencies(/home/matpom/repo/j2s/ros2/g1-ros2-light-tracking/src/alf_light_tracking/install/g1_light_tracking/share/colcon-core/packages/g1_light_tracking)
[-1776161048531222528.000s] [34mcolcon.colcon_parallel_executor.executor.parallel[0m [1;30mDEBUG[0m [32mclosing loop[0m
[-1776161048531222528.000s] [34mcolcon.colcon_parallel_executor.executor.parallel[0m [1;30mDEBUG[0m [32mloop closed[0m
[-1776161048531222528.000s] [34mcolcon.colcon_parallel_executor.executor.parallel[0m [1;30mDEBUG[0m [32mrun_until_complete finished with '1'[0m
[-1776161048531222528.000s] [34mcolcon.colcon_core.event_reactor[0m [1;30mDEBUG[0m [32mjoining thread[0m
[-1776161048531222528.000s] [34mcolcon.colcon_core.plugin_system[0m [1;30mINFO[0m Skipping extension 'colcon_notification.desktop_notification.terminal_notifier': Not used on non-Darwin systems
[-1776161048531222528.000s] [34mcolcon.colcon_core.plugin_system[0m [1;30mINFO[0m Skipping extension 'colcon_notification.desktop_notification.win32': Not used on non-Windows systems
[-1776161048531222528.000s] [34mcolcon.colcon_notification.desktop_notification[0m [1;30mINFO[0m Sending desktop notification using 'notify2'
[-1776161048531222528.000s] [34mcolcon.colcon_core.event_reactor[0m [1;30mDEBUG[0m [32mjoined thread[0m
[-1776161048531222528.000s] [34mcolcon.colcon_core.shell[0m [1;30mINFO[0m Creating prefix script '/home/matpom/repo/j2s/ros2/g1-ros2-light-tracking/src/alf_light_tracking/install/local_setup.ps1'
[-1776161048531222528.000s] [34mcolcon.colcon_core.shell[0m [1;30mINFO[0m Creating prefix util module '/home/matpom/repo/j2s/ros2/g1-ros2-light-tracking/src/alf_light_tracking/install/_local_setup_util_ps1.py'
[-1776161048531222528.000s] [34mcolcon.colcon_core.shell[0m [1;30mINFO[0m Creating prefix chain script '/home/matpom/repo/j2s/ros2/g1-ros2-light-tracking/src/alf_light_tracking/install/setup.ps1'
[-1776161048531222528.000s] [34mcolcon.colcon_core.shell[0m [1;30mINFO[0m Creating prefix script '/home/matpom/repo/j2s/ros2/g1-ros2-light-tracking/src/alf_light_tracking/install/local_setup.sh'
[-1776161048531222528.000s] [34mcolcon.colcon_core.shell[0m [1;30mINFO[0m Creating prefix util module '/home/matpom/repo/j2s/ros2/g1-ros2-light-tracking/src/alf_light_tracking/install/_local_setup_util_sh.py'
[-1776161048531222528.000s] [34mcolcon.colcon_core.shell[0m [1;30mINFO[0m Creating prefix chain script '/home/matpom/repo/j2s/ros2/g1-ros2-light-tracking/src/alf_light_tracking/install/setup.sh'
[-1776161048531222528.000s] [34mcolcon.colcon_core.shell[0m [1;30mINFO[0m Creating prefix script '/home/matpom/repo/j2s/ros2/g1-ros2-light-tracking/src/alf_light_tracking/install/local_setup.bash'
[-1776161048531222528.000s] [34mcolcon.colcon_core.shell[0m [1;30mINFO[0m Creating prefix chain script '/home/matpom/repo/j2s/ros2/g1-ros2-light-tracking/src/alf_light_tracking/install/setup.bash'
[-1776161048531222528.000s] [34mcolcon.colcon_core.shell[0m [1;30mINFO[0m Creating prefix script '/home/matpom/repo/j2s/ros2/g1-ros2-light-tracking/src/alf_light_tracking/install/local_setup.zsh'
[-1776161048531222528.000s] [34mcolcon.colcon_core.shell[0m [1;30mINFO[0m Creating prefix chain script '/home/matpom/repo/j2s/ros2/g1-ros2-light-tracking/src/alf_light_tracking/install/setup.zsh'
